<?xml version="1.0" encoding="UTF-8" ?>
<testsuites>
<testsuite name="Contacts Test Suite" errors="0" tests="0" failures="0" time="0" timestamp="2015-06-20T14:12:51">
</testsuite>
<testsuite name="Contacts Test Suite.hello world" errors="0" tests="1" failures="0" time="0.054" timestamp="2015-06-20T14:12:51">
  <testcase classname="Contacts Test Suite.hello world" name="hello world" time="0.051"></testcase>
</testsuite>
<testsuite name="Contacts Test Suite.create update contact" errors="0" tests="3" failures="0" time="0.046" timestamp="2015-06-20T14:12:51">
  <testcase classname="Contacts Test Suite.create update contact" name="should create contact" time="0.02"></testcase>
  <testcase classname="Contacts Test Suite.create update contact" name="should retrieve contact" time="0.013"></testcase>
  <testcase classname="Contacts Test Suite.create update contact" name="should update contact" time="0.012"></testcase>
</testsuite>
</testsuites>